<?xml version="1.0" encoding="UTF-8"?>
<!-- Generated by org.testng.reporters.JUnitReportReporter -->
<testsuite hostname="DESKTOP-HG2H4TK" name="com.selenium.hackathon.seleniumHackathon.loginTest" tests="1" failures="0" timestamp="22 May 2019 03:36:44 GMT" time="23.323" errors="0">
  <testcase name="loginTest" time="23.323" classname="com.selenium.hackathon.seleniumHackathon.loginTest"/>
</testsuite> <!-- com.selenium.hackathon.seleniumHackathon.loginTest -->
