<?xml version="1.0" encoding="UTF-8"?>
<!-- Generated by org.testng.reporters.JUnitReportReporter -->
<testsuite skipped="0" hostname="DESKTOP-HG2H4TK" name="com.selenium.hackathon.seleniumHackathon.loginTest" tests="1" failures="0" timestamp="22 May 2019 01:59:35 GMT" time="154.446" errors="0">
  <testcase name="loginTest" time="154.446" classname="com.selenium.hackathon.seleniumHackathon.loginTest"/>
</testsuite> <!-- com.selenium.hackathon.seleniumHackathon.loginTest -->
